<?xml version="1.0" encoding="UTF-8"?>
<testng-results skipped="0" failed="0" total="1" passed="1">
  <reporter-output>
  </reporter-output>
  <suite name="Tests" duration-ms="20370" started-at="2016-09-23T11:01:31Z" finished-at="2016-09-23T11:01:52Z">
    <groups>
    </groups>
    <test name="Test1" duration-ms="20370" started-at="2016-09-23T11:01:31Z" finished-at="2016-09-23T11:01:52Z">
      <class name="com.ampapplication.Hello">
        <test-method status="PASS" signature="displaysop()[pri:0, instance:com.ampapplication.Hello@6cd8737]" name="displaysop" duration-ms="20349" started-at="2016-09-23T16:31:31Z" finished-at="2016-09-23T16:31:52Z">
          <reporter-output>
          </reporter-output>
        </test-method> <!-- displaysop -->
      </class> <!-- com.ampapplication.Hello -->
    </test> <!-- Test1 -->
  </suite> <!-- Tests -->
</testng-results>
