<?xml version="1.0" encoding="UTF-8"?>
<testng-results skipped="0" failed="0" total="1" passed="1">
  <reporter-output>
  </reporter-output>
  <suite name="Tests" duration-ms="30" started-at="2016-09-15T10:35:26Z" finished-at="2016-09-15T10:35:26Z">
    <groups>
    </groups>
    <test name="Test1" duration-ms="30" started-at="2016-09-15T10:35:26Z" finished-at="2016-09-15T10:35:26Z">
      <class name="com.ampapplication.Hello">
        <test-method status="PASS" signature="displaysop()[pri:0, instance:com.ampapplication.Hello@566776ad]" name="displaysop" duration-ms="12" started-at="2016-09-15T16:05:26Z" finished-at="2016-09-15T16:05:26Z">
          <reporter-output>
          </reporter-output>
        </test-method> <!-- displaysop -->
      </class> <!-- com.ampapplication.Hello -->
    </test> <!-- Test1 -->
  </suite> <!-- Tests -->
</testng-results>
